<?xml version="1.0" encoding="UTF-8"?>
<!-- Generated by org.testng.reporters.JUnitXMLReporter -->
<testsuite ignored="4" hostname="LTIN203025" failures="0" tests="25" name="Test" time="386.757" errors="0" timestamp="2024-02-28T17:52:53 IST">
  <testcase classname="testCases.TC001_HomePage" name="courseraHomePageVerification" time="20.736"/>
  <testcase classname="testCases.TC001_HomePage" name="webDevelopmentPageVerification" time="2.167"/>
  <testcase classname="testCases.TC001_HomePage" name="scrollingUpVerification" time="0.36"/>
  <testcase classname="testCases.TC001_HomePage" name="coursesVerification" time="42.69"/>
  <testcase classname="testCases.TC001_HomePage" name="searchBox2Verification" time="4.415"/>
  <testcase classname="testCases.TC002_LanguageLearning" name="showMoreVerification" time="2.662"/>
  <testcase classname="testCases.TC002_LanguageLearning" name="languageVerification" time="6.731"/>
  <testcase classname="testCases.TC002_LanguageLearning" name="closeVerification" time="0.336"/>
  <testcase classname="testCases.TC002_LanguageLearning" name="levelCountVerification" time="0.688"/>
  <testcase classname="testCases.TC002_LanguageLearning" name="courseraClickVerification" time="10.907"/>
  <testcase classname="testCases.TC002_LanguageLearning" name="forEnterpriseVerification" time="19.928"/>
  <testcase classname="testCases.TC003_FormPage" name="FormValidation" time="1.203"/>
  <testcase classname="testCases.TC003_FormPage" name="clickingProductVerification" time="6.944"/>
  <testcase classname="testCases.TC003_FormPage" name="learnMoreVerification" time="17.46"/>
  <testcase classname="testCases.TC003_FormPage" name="nameVerification" time="3.259"/>
  <testcase classname="testCases.TC003_FormPage" name="emailVerification" time="1.014"/>
  <testcase classname="testCases.TC003_FormPage" name="phnoVerification" time="1.217"/>
  <testcase classname="testCases.TC003_FormPage" name="institutionVerification" time="1.604"/>
  <testcase classname="testCases.TC003_FormPage" name="jobRoleVerification" time="0.649"/>
  <testcase classname="testCases.TC003_FormPage" name="deptVerification" time="0.575"/>
  <testcase classname="testCases.TC003_FormPage" name="bDescVerification" time="0.924"/>
  <testcase classname="testCases.TC003_FormPage" name="ctryVerification" time="0.87"/>
  <testcase classname="testCases.TC003_FormPage" name="stateVerification" time="2.387"/>
  <testcase classname="testCases.TC003_FormPage" name="subButtonVerification" time="1.156"/>
  <testcase classname="testCases.TC003_FormPage" name="capturingErrorMessage" time="2.434"/>
  <testcase classname="testBase.BaseClass" name="@AfterTest tearDown" time="0.0">
    <ignored/>
  </testcase> <!-- @AfterTest tearDown -->
  <testcase classname="testBase.BaseClass" name="@AfterTest tearDown" time="0.0">
    <ignored/>
  </testcase> <!-- @AfterTest tearDown -->
  <testcase classname="testBase.BaseClass" name="@BeforeTest setUp" time="0.0">
    <ignored/>
  </testcase> <!-- @BeforeTest setUp -->
  <testcase classname="testBase.BaseClass" name="@BeforeTest setUp" time="0.0">
    <ignored/>
  </testcase> <!-- @BeforeTest setUp -->
</testsuite> <!-- Test -->
