<?xml version="1.0" encoding="UTF-8"?>
<!-- Generated by org.testng.reporters.JUnitXMLReporter -->
<testsuite ignored="4" hostname="LTIN203025" failures="0" tests="24" name="Test" time="295.938" errors="0" timestamp="2024-02-28T11:16:54 IST">
  <testcase classname="testCases.TC001_HomePage" name="courseraHomePageVerification" time="41.476"/>
  <testcase classname="testCases.TC001_HomePage" name="webDevelopmentPageVerification" time="1.942"/>
  <testcase classname="testCases.TC001_HomePage" name="scrollingUpVerification" time="0.234"/>
  <testcase classname="testCases.TC001_HomePage" name="coursesVerification" time="29.633"/>
  <testcase classname="testCases.TC001_HomePage" name="searchBox2Verification" time="4.175"/>
  <testcase classname="testCases.TC002_LanguageLearning" name="showMoreVerification" time="0.692"/>
  <testcase classname="testCases.TC002_LanguageLearning" name="languageVerification" time="5.519"/>
  <testcase classname="testCases.TC002_LanguageLearning" name="closeVerification" time="0.2"/>
  <testcase classname="testCases.TC002_LanguageLearning" name="levelCountVerification" time="0.82"/>
  <testcase classname="testCases.TC002_LanguageLearning" name="courseraClickVerification" time="17.259"/>
  <testcase classname="testCases.TC002_LanguageLearning" name="forEnterpriseVerification" time="26.454"/>
  <testcase classname="testCases.TC003_FormPage" name="FormValidation" time="1.802"/>
  <testcase classname="testCases.TC003_FormPage" name="clickingProductVerification" time="16.223"/>
  <testcase classname="testCases.TC003_FormPage" name="learnMoreVerification" time="19.75"/>
  <testcase classname="testCases.TC003_FormPage" name="nameVerification" time="1.641"/>
  <testcase classname="testCases.TC003_FormPage" name="emailVerification" time="0.713"/>
  <testcase classname="testCases.TC003_FormPage" name="phnoVerification" time="0.569"/>
  <testcase classname="testCases.TC003_FormPage" name="institutionVerification" time="1.375"/>
  <testcase classname="testCases.TC003_FormPage" name="jobRoleVerification" time="0.521"/>
  <testcase classname="testCases.TC003_FormPage" name="deptVerification" time="0.507"/>
  <testcase classname="testCases.TC003_FormPage" name="bDescVerification" time="0.574"/>
  <testcase classname="testCases.TC003_FormPage" name="ctryVerification" time="0.532"/>
  <testcase classname="testCases.TC003_FormPage" name="stateVerification" time="0.493"/>
  <testcase classname="testCases.TC003_FormPage" name="subButtonVerification" time="0.277"/>
  <testcase classname="testBase.BaseClass" name="@AfterTest tearDown" time="0.0">
    <ignored/>
  </testcase> <!-- @AfterTest tearDown -->
  <testcase classname="testBase.BaseClass" name="@BeforeTest setUp" time="0.0">
    <ignored/>
  </testcase> <!-- @BeforeTest setUp -->
  <testcase classname="testBase.BaseClass" name="@BeforeTest setUp" time="0.0">
    <ignored/>
  </testcase> <!-- @BeforeTest setUp -->
  <testcase classname="testBase.BaseClass" name="@AfterTest tearDown" time="0.0">
    <ignored/>
  </testcase> <!-- @AfterTest tearDown -->
</testsuite> <!-- Test -->
