<?xml version="1.0" encoding="UTF-8"?>
<testng-results ignored="0" total="24" passed="24" failed="0" skipped="0">
  <reporter-output>
  </reporter-output>
  <suite started-at="2024-02-28T11:11:44 IST" name="Suite" finished-at="2024-02-28T11:16:40 IST" duration-ms="295938">
    <groups>
    </groups>
    <test started-at="2024-02-28T11:11:44 IST" name="Test" finished-at="2024-02-28T11:16:40 IST" duration-ms="295938">
      <class name="testCases.TC003_FormPage">
        <test-method signature="FormValidation()[pri:1, instance:testCases.TC003_FormPage@4b013c76]" started-at="2024-02-28T11:15:36 IST" name="FormValidation" finished-at="2024-02-28T11:15:38 IST" duration-ms="1802" status="PASS">
          <reporter-output>
          </reporter-output>
        </test-method> <!-- FormValidation -->
        <test-method signature="clickingProductVerification()[pri:2, instance:testCases.TC003_FormPage@4b013c76]" started-at="2024-02-28T11:15:38 IST" name="clickingProductVerification" finished-at="2024-02-28T11:15:55 IST" duration-ms="16223" status="PASS">
          <reporter-output>
          </reporter-output>
        </test-method> <!-- clickingProductVerification -->
        <test-method signature="learnMoreVerification()[pri:3, instance:testCases.TC003_FormPage@4b013c76]" started-at="2024-02-28T11:15:55 IST" name="learnMoreVerification" finished-at="2024-02-28T11:16:15 IST" duration-ms="19750" status="PASS">
          <reporter-output>
          </reporter-output>
        </test-method> <!-- learnMoreVerification -->
        <test-method signature="nameVerification()[pri:4, instance:testCases.TC003_FormPage@4b013c76]" started-at="2024-02-28T11:16:17 IST" name="nameVerification" finished-at="2024-02-28T11:16:19 IST" duration-ms="1641" status="PASS">
          <reporter-output>
          </reporter-output>
        </test-method> <!-- nameVerification -->
        <test-method signature="emailVerification()[pri:5, instance:testCases.TC003_FormPage@4b013c76]" started-at="2024-02-28T11:16:19 IST" name="emailVerification" finished-at="2024-02-28T11:16:20 IST" duration-ms="713" status="PASS">
          <reporter-output>
          </reporter-output>
        </test-method> <!-- emailVerification -->
        <test-method signature="phnoVerification()[pri:6, instance:testCases.TC003_FormPage@4b013c76]" started-at="2024-02-28T11:16:20 IST" name="phnoVerification" finished-at="2024-02-28T11:16:21 IST" duration-ms="569" status="PASS">
          <reporter-output>
          </reporter-output>
        </test-method> <!-- phnoVerification -->
        <test-method signature="institutionVerification()[pri:7, instance:testCases.TC003_FormPage@4b013c76]" started-at="2024-02-28T11:16:21 IST" name="institutionVerification" finished-at="2024-02-28T11:16:22 IST" duration-ms="1375" status="PASS">
          <reporter-output>
          </reporter-output>
        </test-method> <!-- institutionVerification -->
        <test-method signature="jobRoleVerification()[pri:8, instance:testCases.TC003_FormPage@4b013c76]" started-at="2024-02-28T11:16:23 IST" name="jobRoleVerification" finished-at="2024-02-28T11:16:23 IST" duration-ms="521" status="PASS">
          <reporter-output>
          </reporter-output>
        </test-method> <!-- jobRoleVerification -->
        <test-method signature="deptVerification()[pri:9, instance:testCases.TC003_FormPage@4b013c76]" started-at="2024-02-28T11:16:23 IST" name="deptVerification" finished-at="2024-02-28T11:16:24 IST" duration-ms="507" status="PASS">
          <reporter-output>
          </reporter-output>
        </test-method> <!-- deptVerification -->
        <test-method signature="bDescVerification()[pri:10, instance:testCases.TC003_FormPage@4b013c76]" started-at="2024-02-28T11:16:24 IST" name="bDescVerification" finished-at="2024-02-28T11:16:25 IST" duration-ms="574" status="PASS">
          <reporter-output>
          </reporter-output>
        </test-method> <!-- bDescVerification -->
        <test-method signature="ctryVerification()[pri:11, instance:testCases.TC003_FormPage@4b013c76]" started-at="2024-02-28T11:16:25 IST" name="ctryVerification" finished-at="2024-02-28T11:16:26 IST" duration-ms="532" status="PASS">
          <reporter-output>
          </reporter-output>
        </test-method> <!-- ctryVerification -->
        <test-method signature="stateVerification()[pri:12, instance:testCases.TC003_FormPage@4b013c76]" started-at="2024-02-28T11:16:26 IST" name="stateVerification" finished-at="2024-02-28T11:16:27 IST" duration-ms="493" status="PASS">
          <reporter-output>
          </reporter-output>
        </test-method> <!-- stateVerification -->
        <test-method signature="subButtonVerification()[pri:13, instance:testCases.TC003_FormPage@4b013c76]" started-at="2024-02-28T11:16:27 IST" name="subButtonVerification" finished-at="2024-02-28T11:16:27 IST" duration-ms="277" status="PASS">
          <reporter-output>
          </reporter-output>
        </test-method> <!-- subButtonVerification -->
      </class> <!-- testCases.TC003_FormPage -->
      <class name="testCases.TC002_LanguageLearning">
        <test-method signature="showMoreVerification()[pri:1, instance:testCases.TC002_LanguageLearning@548d708a]" started-at="2024-02-28T11:14:41 IST" name="showMoreVerification" finished-at="2024-02-28T11:14:42 IST" duration-ms="692" status="PASS">
          <reporter-output>
          </reporter-output>
        </test-method> <!-- showMoreVerification -->
        <test-method signature="languageVerification()[pri:2, instance:testCases.TC002_LanguageLearning@548d708a]" started-at="2024-02-28T11:14:42 IST" name="languageVerification" finished-at="2024-02-28T11:14:48 IST" duration-ms="5519" status="PASS">
          <reporter-output>
          </reporter-output>
        </test-method> <!-- languageVerification -->
        <test-method signature="closeVerification()[pri:3, instance:testCases.TC002_LanguageLearning@548d708a]" started-at="2024-02-28T11:14:48 IST" name="closeVerification" finished-at="2024-02-28T11:14:48 IST" duration-ms="200" status="PASS">
          <reporter-output>
          </reporter-output>
        </test-method> <!-- closeVerification -->
        <test-method signature="levelCountVerification()[pri:4, instance:testCases.TC002_LanguageLearning@548d708a]" started-at="2024-02-28T11:14:49 IST" name="levelCountVerification" finished-at="2024-02-28T11:14:50 IST" duration-ms="820" status="PASS">
          <reporter-output>
          </reporter-output>
        </test-method> <!-- levelCountVerification -->
        <test-method signature="courseraClickVerification()[pri:5, instance:testCases.TC002_LanguageLearning@548d708a]" started-at="2024-02-28T11:14:50 IST" name="courseraClickVerification" finished-at="2024-02-28T11:15:07 IST" duration-ms="17259" status="PASS">
          <reporter-output>
          </reporter-output>
        </test-method> <!-- courseraClickVerification -->
        <test-method signature="forEnterpriseVerification()[pri:6, instance:testCases.TC002_LanguageLearning@548d708a]" started-at="2024-02-28T11:15:08 IST" name="forEnterpriseVerification" finished-at="2024-02-28T11:15:34 IST" duration-ms="26454" status="PASS">
          <reporter-output>
          </reporter-output>
        </test-method> <!-- forEnterpriseVerification -->
      </class> <!-- testCases.TC002_LanguageLearning -->
      <class name="testCases.TC001_HomePage">
        <test-method is-config="true" signature="setUp(java.lang.String,java.lang.String)[pri:0, instance:testCases.TC001_HomePage@1cf6d1be]" started-at="2024-02-28T11:11:45 IST" name="setUp" finished-at="2024-02-28T11:13:19 IST" duration-ms="94240" status="PASS">
          <params>
            <param index="0">
              <value>
                <![CDATA[windows]]>
              </value>
            </param>
            <param index="1">
              <value>
                <![CDATA[chrome]]>
              </value>
            </param>
          </params>
          <reporter-output>
          </reporter-output>
        </test-method> <!-- setUp -->
        <test-method signature="courseraHomePageVerification()[pri:1, instance:testCases.TC001_HomePage@1cf6d1be]" started-at="2024-02-28T11:13:19 IST" name="courseraHomePageVerification" finished-at="2024-02-28T11:14:01 IST" duration-ms="41476" status="PASS">
          <reporter-output>
          </reporter-output>
        </test-method> <!-- courseraHomePageVerification -->
        <test-method signature="webDevelopmentPageVerification()[pri:2, instance:testCases.TC001_HomePage@1cf6d1be]" started-at="2024-02-28T11:14:02 IST" name="webDevelopmentPageVerification" finished-at="2024-02-28T11:14:04 IST" duration-ms="1942" status="PASS">
          <reporter-output>
          </reporter-output>
        </test-method> <!-- webDevelopmentPageVerification -->
        <test-method signature="scrollingUpVerification()[pri:3, instance:testCases.TC001_HomePage@1cf6d1be]" started-at="2024-02-28T11:14:05 IST" name="scrollingUpVerification" finished-at="2024-02-28T11:14:05 IST" duration-ms="234" status="PASS">
          <reporter-output>
          </reporter-output>
        </test-method> <!-- scrollingUpVerification -->
        <test-method signature="coursesVerification()[pri:4, instance:testCases.TC001_HomePage@1cf6d1be]" started-at="2024-02-28T11:14:05 IST" name="coursesVerification" finished-at="2024-02-28T11:14:35 IST" duration-ms="29633" status="PASS">
          <reporter-output>
          </reporter-output>
        </test-method> <!-- coursesVerification -->
        <test-method signature="searchBox2Verification()[pri:5, instance:testCases.TC001_HomePage@1cf6d1be]" started-at="2024-02-28T11:14:37 IST" name="searchBox2Verification" finished-at="2024-02-28T11:14:41 IST" duration-ms="4175" status="PASS">
          <reporter-output>
          </reporter-output>
        </test-method> <!-- searchBox2Verification -->
        <test-method is-config="true" signature="tearDown()[pri:0, instance:testCases.TC001_HomePage@1cf6d1be]" started-at="2024-02-28T11:16:29 IST" name="tearDown" finished-at="2024-02-28T11:16:40 IST" duration-ms="10714" status="PASS">
          <reporter-output>
          </reporter-output>
        </test-method> <!-- tearDown -->
      </class> <!-- testCases.TC001_HomePage -->
    </test> <!-- Test -->
  </suite> <!-- Suite -->
</testng-results>
