<?xml version="1.0" encoding="UTF-8"?>
<testsuite xmlns:xsi="http://www.w3.org/2001/XMLSchema-instance" xsi:noNamespaceSchemaLocation="https://maven.apache.org/surefire/maven-surefire-plugin/xsd/surefire-test-report-3.0.xsd" version="3.0" name="TestSuite" time="313.067" tests="24" errors="0" skipped="0" failures="0">
  <properties>
[...]
</properties>
  <testcase name="courseraHomePageVerification" classname="testCases.TC001_HomePage" time="43.337">
    <system-out><![CDATA[11:13:20.241 [main] INFO  testCases.TC001_HomePage - ---------------------------TC001_HomePage---------------------------
11:13:20.279 [main] INFO  testCases.TC001_HomePage - ******Capturing search box1******
11:14:01.317 [main] INFO  testCases.TC001_HomePage - ******Captured search box1******
]]></system-out>
    <system-err><![CDATA[SLF4J: Failed to load class "org.slf4j.impl.StaticLoggerBinder".
SLF4J: Defaulting to no-operation (NOP) logger implementation
SLF4J: See http://www.slf4j.org/codes.html#StaticLoggerBinder for further details.
Feb 28, 2024 11:11:47 AM org.openqa.selenium.remote.tracing.opentelemetry.OpenTelemetryTracer createTracer
INFO: Using OpenTelemetry for tracing
]]></system-err>
  </testcase>
  <testcase name="webDevelopmentPageVerification" classname="testCases.TC001_HomePage" time="1.587">
    <system-out><![CDATA[11:14:02.793 [main] INFO  testCases.TC001_HomePage - ******Clicking both the check boxes******
11:14:04.600 [main] INFO  testCases.TC001_HomePage - ******Check boxes are clicked******
]]></system-out>
  </testcase>
  <testcase name="scrollingUpVerification" classname="testCases.TC001_HomePage" time="0.759">
    <system-out><![CDATA[11:14:05.093 [main] INFO  testCases.TC001_HomePage - ******Scrolling Up******
11:14:05.319 [main] INFO  testCases.TC001_HomePage - ******Scrolled Up******
]]></system-out>
  </testcase>
  <testcase name="coursesVerification" classname="testCases.TC001_HomePage" time="31.133">
    <system-out><![CDATA[11:14:05.853 [main] INFO  testCases.TC001_HomePage - ******Printing course name,rating and duration******
Meta Front-End Developer-Course Name
4.7-Course Rating
7 months at 6 hours a week

11:14:20.403 [main] INFO  testCases.TC001_HomePage - ******Printed all the required details in course1******
11:14:20.404 [main] INFO  testCases.TC001_HomePage - ******Printing course name,rating and duration******
IBM Full Stack Software Developer
4.6
4 months at 10 hours a week

11:14:35.481 [main] INFO  testCases.TC001_HomePage - ******Printed all the required details in course2******
]]></system-out>
  </testcase>
  <testcase name="searchBox2Verification" classname="testCases.TC001_HomePage" time="4.565">
    <system-out><![CDATA[11:14:37.026 [main] INFO  testCases.TC001_HomePage - ******Clearing the search box and print next value******
11:14:41.177 [main] INFO  testCases.TC001_HomePage - ******Printed the next value******
]]></system-out>
  </testcase>
  <testcase name="showMoreVerification" classname="testCases.TC002_LanguageLearning" time="1.126">
    <system-out><![CDATA[11:14:41.813 [main] INFO  testCases.TC001_HomePage - ---------------------------TC002_LanguageLearning---------------------------
11:14:41.814 [main] INFO  testCases.TC001_HomePage - ******Clicking Show more******
11:14:42.318 [main] INFO  testCases.TC001_HomePage - ******Show more is clicked******
]]></system-out>
  </testcase>
  <testcase name="languageVerification" classname="testCases.TC002_LanguageLearning" time="5.829">
    <system-out><![CDATA[11:14:42.760 [main] INFO  testCases.TC001_HomePage - ******Printing languages and their count******
English (1,643)
Spanish (1,099)
Arabic (1,010)
French (995)
Chinese (China) (991)
Portuguese (Brazil) (986)
German (975)
Indonesian (974)
Hindi (970)
Italian (969)
Swedish (968)
Dutch (967)
Greek (967)
Polish (967)
Thai (967)
Turkish (967)
Ukrainian (967)
Russian (944)
Kazakh (892)
Hungarian (696)
Japanese (90)
Korean (88)
Chinese (Traditional) (5)
Hebrew (2)

24 - Total number of Language

11:14:48.275 [main] INFO  testCases.TC001_HomePage - ******Printed the details******
]]></system-out>
  </testcase>
  <testcase name="closeVerification" classname="testCases.TC002_LanguageLearning" time="0.891">
    <system-out><![CDATA[11:14:48.593 [main] INFO  testCases.TC001_HomePage - ******Closing the language tab******
11:14:48.789 [main] INFO  testCases.TC001_HomePage - ******Closed******
]]></system-out>
  </testcase>
  <testcase name="levelCountVerification" classname="testCases.TC002_LanguageLearning" time="1.246">
    <system-out><![CDATA[11:14:49.489 [main] INFO  testCases.TC001_HomePage - ******Printing the levels and their counts******
Beginner (884)
Intermediate (779)
Advanced (80)
Mixed (147)

4 -  Counts of level
11:14:50.307 [main] INFO  testCases.TC001_HomePage - ******Printed the details******
]]></system-out>
  </testcase>
  <testcase name="courseraClickVerification" classname="testCases.TC002_LanguageLearning" time="17.668">
    <system-out><![CDATA[11:14:50.736 [main] INFO  testCases.TC001_HomePage - ******Clicking Coursera******
11:15:07.991 [main] INFO  testCases.TC001_HomePage - ******Clicked******
]]></system-out>
  </testcase>
  <testcase name="forEnterpriseVerification" classname="testCases.TC002_LanguageLearning" time="28.183">
    <system-out><![CDATA[11:15:08.410 [main] INFO  testCases.TC001_HomePage - ******Clicking For Enterprise******
11:15:34.861 [main] INFO  testCases.TC001_HomePage - ******Clicked For Enterprise******
]]></system-out>
  </testcase>
  <testcase name="FormValidation" classname="testCases.TC003_FormPage" time="2.251">
    <system-out><![CDATA[11:15:36.892 [main] INFO  testCases.TC001_HomePage - ---------------------------TC003_FormPage---------------------------
11:15:36.893 [main] INFO  testCases.TC001_HomePage - ******Scrolling Down******
11:15:37.343 [main] INFO  testCases.TC001_HomePage - ******Scrolled Down******
11:15:37.344 [main] INFO  testCases.TC001_HomePage - ******Clicking For Enterprise******
11:15:38.398 [main] INFO  testCases.TC001_HomePage - ******For Enterprise is clicked******
]]></system-out>
  </testcase>
  <testcase name="clickingProductVerification" classname="testCases.TC003_FormPage" time="16.499">
    <system-out><![CDATA[11:15:38.859 [main] INFO  testCases.TC001_HomePage - ******Scrolling Till End******
11:15:38.950 [main] INFO  testCases.TC001_HomePage - ******Scrolled Down******
11:15:38.951 [main] INFO  testCases.TC001_HomePage - ******Clicking What we offer******
11:15:55.079 [main] INFO  testCases.TC001_HomePage - ******Clicked What we offer******
]]></system-out>
  </testcase>
  <testcase name="learnMoreVerification" classname="testCases.TC003_FormPage" time="22.128">
    <system-out><![CDATA[11:15:58.374 [main] INFO  testCases.TC001_HomePage - ******Clicking Learn More******
11:16:15.107 [main] INFO  testCases.TC001_HomePage - ******Clicked Learn More******
]]></system-out>
  </testcase>
  <testcase name="nameVerification" classname="testCases.TC003_FormPage" time="1.938">
    <system-out><![CDATA[11:16:17.498 [main] INFO  testCases.TC001_HomePage - ******Entering First Name******
11:16:18.469 [main] INFO  testCases.TC001_HomePage - ******First Name is entered******
11:16:18.470 [main] INFO  testCases.TC001_HomePage - ******Entering Last Name******
11:16:19.133 [main] INFO  testCases.TC001_HomePage - ******Last Name is entered******
]]></system-out>
  </testcase>
  <testcase name="emailVerification" classname="testCases.TC003_FormPage" time="1.061">
    <system-out><![CDATA[11:16:19.438 [main] INFO  testCases.TC001_HomePage - ******Entering Email Id******
11:16:20.147 [main] INFO  testCases.TC001_HomePage - ******Email Id is entered******
]]></system-out>
  </testcase>
  <testcase name="phnoVerification" classname="testCases.TC003_FormPage" time="0.887">
    <system-out><![CDATA[11:16:20.504 [main] INFO  testCases.TC001_HomePage - ******Entering Phone Number******
11:16:21.071 [main] INFO  testCases.TC001_HomePage - ******Phone Number Entered******
]]></system-out>
  </testcase>
  <testcase name="institutionVerification" classname="testCases.TC003_FormPage" time="1.694">
    <system-out><![CDATA[11:16:21.396 [main] INFO  testCases.TC001_HomePage - ******Choosing Institution Type from the dropdown list******
11:16:22.121 [main] INFO  testCases.TC001_HomePage - ******Institution Type is choosen******
11:16:22.123 [main] INFO  testCases.TC001_HomePage - ******Entering Institution Name******
11:16:22.631 [main] INFO  testCases.TC001_HomePage - ******Entered******
]]></system-out>
  </testcase>
  <testcase name="jobRoleVerification" classname="testCases.TC003_FormPage" time="0.862">
    <system-out><![CDATA[11:16:23.094 [main] INFO  testCases.TC001_HomePage - ******Choosing Job Role from the dropdown list******
11:16:23.611 [main] INFO  testCases.TC001_HomePage - ******Job Role is choosen******
]]></system-out>
  </testcase>
  <testcase name="deptVerification" classname="testCases.TC003_FormPage" time="0.879">
    <system-out><![CDATA[11:16:23.958 [main] INFO  testCases.TC001_HomePage - ******Choosing the department from the dropdown list******
11:16:24.462 [main] INFO  testCases.TC001_HomePage - ******Department is choosen******
]]></system-out>
  </testcase>
  <testcase name="bDescVerification" classname="testCases.TC003_FormPage" time="0.945">
    <system-out><![CDATA[11:16:24.839 [main] INFO  testCases.TC001_HomePage - ******Choosing the Best Describes from the dropdown list******
11:16:25.409 [main] INFO  testCases.TC001_HomePage - ******Best Describes is choosen******
]]></system-out>
  </testcase>
  <testcase name="ctryVerification" classname="testCases.TC003_FormPage" time="0.838">
    <system-out><![CDATA[11:16:25.787 [main] INFO  testCases.TC001_HomePage - ******Choosing the Country from the dropdown list******
11:16:26.318 [main] INFO  testCases.TC001_HomePage - ******Country is choosen******
]]></system-out>
  </testcase>
  <testcase name="stateVerification" classname="testCases.TC003_FormPage" time="0.921">
    <system-out><![CDATA[11:16:26.627 [main] INFO  testCases.TC001_HomePage - ******Choosing the State from the dropdown list******
11:16:27.119 [main] INFO  testCases.TC001_HomePage - ******State is choosen******
]]></system-out>
  </testcase>
  <testcase name="subButtonVerification" classname="testCases.TC003_FormPage" time="2.053">
    <system-out><![CDATA[11:16:27.552 [main] INFO  testCases.TC001_HomePage - ******Clicking the Submit Button******
11:16:27.826 [main] INFO  testCases.TC001_HomePage - ******Submit Button is clicked******
]]></system-out>
  </testcase>
</testsuite>