<?xml version="1.0" encoding="UTF-8"?>
<testng-results ignored="4" total="29" passed="25" failed="0" skipped="0">
  <reporter-output>
  </reporter-output>
  <suite started-at="2024-02-28T17:46:17 IST" name="Suite" finished-at="2024-02-28T17:52:44 IST" duration-ms="386757">
    <groups>
      <group name="regression">
        <method signature="TC001_HomePage.coursesVerification()[pri:4, instance:testCases.TC001_HomePage@45099dd3]" name="coursesVerification" class="testCases.TC001_HomePage"/>
        <method signature="TC001_HomePage.searchBox2Verification()[pri:5, instance:testCases.TC001_HomePage@45099dd3]" name="searchBox2Verification" class="testCases.TC001_HomePage"/>
        <method signature="TC002_LanguageLearning.courseraClickVerification()[pri:5, instance:testCases.TC002_LanguageLearning@1a942c18]" name="courseraClickVerification" class="testCases.TC002_LanguageLearning"/>
        <method signature="TC003_FormPage.FormValidation()[pri:1, instance:testCases.TC003_FormPage@55a147cc]" name="FormValidation" class="testCases.TC003_FormPage"/>
        <method signature="TC003_FormPage.bDescVerification()[pri:10, instance:testCases.TC003_FormPage@55a147cc]" name="bDescVerification" class="testCases.TC003_FormPage"/>
        <method signature="TC003_FormPage.capturingErrorMessage()[pri:14, instance:testCases.TC003_FormPage@55a147cc]" name="capturingErrorMessage" class="testCases.TC003_FormPage"/>
        <method signature="TC003_FormPage.clickingProductVerification()[pri:2, instance:testCases.TC003_FormPage@55a147cc]" name="clickingProductVerification" class="testCases.TC003_FormPage"/>
        <method signature="TC003_FormPage.ctryVerification()[pri:11, instance:testCases.TC003_FormPage@55a147cc]" name="ctryVerification" class="testCases.TC003_FormPage"/>
        <method signature="TC003_FormPage.deptVerification()[pri:9, instance:testCases.TC003_FormPage@55a147cc]" name="deptVerification" class="testCases.TC003_FormPage"/>
        <method signature="TC003_FormPage.emailVerification()[pri:5, instance:testCases.TC003_FormPage@55a147cc]" name="emailVerification" class="testCases.TC003_FormPage"/>
        <method signature="TC003_FormPage.institutionVerification()[pri:7, instance:testCases.TC003_FormPage@55a147cc]" name="institutionVerification" class="testCases.TC003_FormPage"/>
        <method signature="TC003_FormPage.jobRoleVerification()[pri:8, instance:testCases.TC003_FormPage@55a147cc]" name="jobRoleVerification" class="testCases.TC003_FormPage"/>
        <method signature="TC003_FormPage.learnMoreVerification()[pri:3, instance:testCases.TC003_FormPage@55a147cc]" name="learnMoreVerification" class="testCases.TC003_FormPage"/>
        <method signature="TC003_FormPage.nameVerification()[pri:4, instance:testCases.TC003_FormPage@55a147cc]" name="nameVerification" class="testCases.TC003_FormPage"/>
        <method signature="TC003_FormPage.phnoVerification()[pri:6, instance:testCases.TC003_FormPage@55a147cc]" name="phnoVerification" class="testCases.TC003_FormPage"/>
        <method signature="TC003_FormPage.stateVerification()[pri:12, instance:testCases.TC003_FormPage@55a147cc]" name="stateVerification" class="testCases.TC003_FormPage"/>
        <method signature="TC003_FormPage.subButtonVerification()[pri:13, instance:testCases.TC003_FormPage@55a147cc]" name="subButtonVerification" class="testCases.TC003_FormPage"/>
      </group> <!-- regression -->
      <group name="smoke">
        <method signature="TC001_HomePage.courseraHomePageVerification()[pri:1, instance:testCases.TC001_HomePage@45099dd3]" name="courseraHomePageVerification" class="testCases.TC001_HomePage"/>
        <method signature="TC001_HomePage.coursesVerification()[pri:4, instance:testCases.TC001_HomePage@45099dd3]" name="coursesVerification" class="testCases.TC001_HomePage"/>
        <method signature="TC001_HomePage.scrollingUpVerification()[pri:3, instance:testCases.TC001_HomePage@45099dd3]" name="scrollingUpVerification" class="testCases.TC001_HomePage"/>
        <method signature="TC001_HomePage.webDevelopmentPageVerification()[pri:2, instance:testCases.TC001_HomePage@45099dd3]" name="webDevelopmentPageVerification" class="testCases.TC001_HomePage"/>
        <method signature="TC002_LanguageLearning.closeVerification()[pri:3, instance:testCases.TC002_LanguageLearning@1a942c18]" name="closeVerification" class="testCases.TC002_LanguageLearning"/>
        <method signature="TC002_LanguageLearning.courseraClickVerification()[pri:5, instance:testCases.TC002_LanguageLearning@1a942c18]" name="courseraClickVerification" class="testCases.TC002_LanguageLearning"/>
        <method signature="TC002_LanguageLearning.forEnterpriseVerification()[pri:6, instance:testCases.TC002_LanguageLearning@1a942c18]" name="forEnterpriseVerification" class="testCases.TC002_LanguageLearning"/>
        <method signature="TC002_LanguageLearning.languageVerification()[pri:2, instance:testCases.TC002_LanguageLearning@1a942c18]" name="languageVerification" class="testCases.TC002_LanguageLearning"/>
        <method signature="TC002_LanguageLearning.levelCountVerification()[pri:4, instance:testCases.TC002_LanguageLearning@1a942c18]" name="levelCountVerification" class="testCases.TC002_LanguageLearning"/>
        <method signature="TC002_LanguageLearning.showMoreVerification()[pri:1, instance:testCases.TC002_LanguageLearning@1a942c18]" name="showMoreVerification" class="testCases.TC002_LanguageLearning"/>
        <method signature="TC003_FormPage.FormValidation()[pri:1, instance:testCases.TC003_FormPage@55a147cc]" name="FormValidation" class="testCases.TC003_FormPage"/>
        <method signature="TC003_FormPage.bDescVerification()[pri:10, instance:testCases.TC003_FormPage@55a147cc]" name="bDescVerification" class="testCases.TC003_FormPage"/>
        <method signature="TC003_FormPage.capturingErrorMessage()[pri:14, instance:testCases.TC003_FormPage@55a147cc]" name="capturingErrorMessage" class="testCases.TC003_FormPage"/>
        <method signature="TC003_FormPage.clickingProductVerification()[pri:2, instance:testCases.TC003_FormPage@55a147cc]" name="clickingProductVerification" class="testCases.TC003_FormPage"/>
        <method signature="TC003_FormPage.ctryVerification()[pri:11, instance:testCases.TC003_FormPage@55a147cc]" name="ctryVerification" class="testCases.TC003_FormPage"/>
        <method signature="TC003_FormPage.deptVerification()[pri:9, instance:testCases.TC003_FormPage@55a147cc]" name="deptVerification" class="testCases.TC003_FormPage"/>
        <method signature="TC003_FormPage.emailVerification()[pri:5, instance:testCases.TC003_FormPage@55a147cc]" name="emailVerification" class="testCases.TC003_FormPage"/>
        <method signature="TC003_FormPage.institutionVerification()[pri:7, instance:testCases.TC003_FormPage@55a147cc]" name="institutionVerification" class="testCases.TC003_FormPage"/>
        <method signature="TC003_FormPage.jobRoleVerification()[pri:8, instance:testCases.TC003_FormPage@55a147cc]" name="jobRoleVerification" class="testCases.TC003_FormPage"/>
        <method signature="TC003_FormPage.learnMoreVerification()[pri:3, instance:testCases.TC003_FormPage@55a147cc]" name="learnMoreVerification" class="testCases.TC003_FormPage"/>
        <method signature="TC003_FormPage.nameVerification()[pri:4, instance:testCases.TC003_FormPage@55a147cc]" name="nameVerification" class="testCases.TC003_FormPage"/>
        <method signature="TC003_FormPage.phnoVerification()[pri:6, instance:testCases.TC003_FormPage@55a147cc]" name="phnoVerification" class="testCases.TC003_FormPage"/>
        <method signature="TC003_FormPage.stateVerification()[pri:12, instance:testCases.TC003_FormPage@55a147cc]" name="stateVerification" class="testCases.TC003_FormPage"/>
        <method signature="TC003_FormPage.subButtonVerification()[pri:13, instance:testCases.TC003_FormPage@55a147cc]" name="subButtonVerification" class="testCases.TC003_FormPage"/>
      </group> <!-- smoke -->
    </groups>
    <test started-at="2024-02-28T17:46:17 IST" name="Test" finished-at="2024-02-28T17:52:44 IST" duration-ms="386757">
      <class name="testCases.TC003_FormPage">
        <test-method signature="FormValidation()[pri:1, instance:testCases.TC003_FormPage@55a147cc]" started-at="2024-02-28T17:50:26 IST" name="FormValidation" finished-at="2024-02-28T17:50:27 IST" duration-ms="1203" status="PASS">
          <reporter-output>
          </reporter-output>
        </test-method> <!-- FormValidation -->
        <test-method signature="clickingProductVerification()[pri:2, instance:testCases.TC003_FormPage@55a147cc]" started-at="2024-02-28T17:50:27 IST" name="clickingProductVerification" finished-at="2024-02-28T17:50:34 IST" duration-ms="6944" status="PASS">
          <reporter-output>
          </reporter-output>
        </test-method> <!-- clickingProductVerification -->
        <test-method signature="learnMoreVerification()[pri:3, instance:testCases.TC003_FormPage@55a147cc]" started-at="2024-02-28T17:50:35 IST" name="learnMoreVerification" finished-at="2024-02-28T17:50:52 IST" duration-ms="17460" status="PASS">
          <reporter-output>
          </reporter-output>
        </test-method> <!-- learnMoreVerification -->
        <test-method signature="nameVerification()[pri:4, instance:testCases.TC003_FormPage@55a147cc]" started-at="2024-02-28T17:50:54 IST" name="nameVerification" finished-at="2024-02-28T17:50:57 IST" duration-ms="3259" status="PASS">
          <reporter-output>
          </reporter-output>
        </test-method> <!-- nameVerification -->
        <test-method signature="emailVerification()[pri:5, instance:testCases.TC003_FormPage@55a147cc]" started-at="2024-02-28T17:50:58 IST" name="emailVerification" finished-at="2024-02-28T17:50:59 IST" duration-ms="1014" status="PASS">
          <reporter-output>
          </reporter-output>
        </test-method> <!-- emailVerification -->
        <test-method signature="phnoVerification()[pri:6, instance:testCases.TC003_FormPage@55a147cc]" started-at="2024-02-28T17:50:59 IST" name="phnoVerification" finished-at="2024-02-28T17:51:01 IST" duration-ms="1217" status="PASS">
          <reporter-output>
          </reporter-output>
        </test-method> <!-- phnoVerification -->
        <test-method signature="institutionVerification()[pri:7, instance:testCases.TC003_FormPage@55a147cc]" started-at="2024-02-28T17:51:01 IST" name="institutionVerification" finished-at="2024-02-28T17:51:03 IST" duration-ms="1604" status="PASS">
          <reporter-output>
          </reporter-output>
        </test-method> <!-- institutionVerification -->
        <test-method signature="jobRoleVerification()[pri:8, instance:testCases.TC003_FormPage@55a147cc]" started-at="2024-02-28T17:51:03 IST" name="jobRoleVerification" finished-at="2024-02-28T17:51:04 IST" duration-ms="649" status="PASS">
          <reporter-output>
          </reporter-output>
        </test-method> <!-- jobRoleVerification -->
        <test-method signature="deptVerification()[pri:9, instance:testCases.TC003_FormPage@55a147cc]" started-at="2024-02-28T17:51:04 IST" name="deptVerification" finished-at="2024-02-28T17:51:05 IST" duration-ms="575" status="PASS">
          <reporter-output>
          </reporter-output>
        </test-method> <!-- deptVerification -->
        <test-method signature="bDescVerification()[pri:10, instance:testCases.TC003_FormPage@55a147cc]" started-at="2024-02-28T17:51:05 IST" name="bDescVerification" finished-at="2024-02-28T17:51:06 IST" duration-ms="924" status="PASS">
          <reporter-output>
          </reporter-output>
        </test-method> <!-- bDescVerification -->
        <test-method signature="ctryVerification()[pri:11, instance:testCases.TC003_FormPage@55a147cc]" started-at="2024-02-28T17:51:07 IST" name="ctryVerification" finished-at="2024-02-28T17:51:08 IST" duration-ms="870" status="PASS">
          <reporter-output>
          </reporter-output>
        </test-method> <!-- ctryVerification -->
        <test-method signature="stateVerification()[pri:12, instance:testCases.TC003_FormPage@55a147cc]" started-at="2024-02-28T17:51:08 IST" name="stateVerification" finished-at="2024-02-28T17:51:11 IST" duration-ms="2387" status="PASS">
          <reporter-output>
          </reporter-output>
        </test-method> <!-- stateVerification -->
        <test-method signature="subButtonVerification()[pri:13, instance:testCases.TC003_FormPage@55a147cc]" started-at="2024-02-28T17:51:11 IST" name="subButtonVerification" finished-at="2024-02-28T17:51:13 IST" duration-ms="1156" status="PASS">
          <reporter-output>
          </reporter-output>
        </test-method> <!-- subButtonVerification -->
        <test-method signature="capturingErrorMessage()[pri:14, instance:testCases.TC003_FormPage@55a147cc]" started-at="2024-02-28T17:51:26 IST" name="capturingErrorMessage" finished-at="2024-02-28T17:51:29 IST" duration-ms="2434" status="PASS">
          <reporter-output>
          </reporter-output>
        </test-method> <!-- capturingErrorMessage -->
      </class> <!-- testCases.TC003_FormPage -->
      <class name="testCases.TC002_LanguageLearning">
        <test-method signature="showMoreVerification()[pri:1, instance:testCases.TC002_LanguageLearning@1a942c18]" started-at="2024-02-28T17:49:39 IST" name="showMoreVerification" finished-at="2024-02-28T17:49:42 IST" duration-ms="2662" status="PASS">
          <reporter-output>
          </reporter-output>
        </test-method> <!-- showMoreVerification -->
        <test-method signature="languageVerification()[pri:2, instance:testCases.TC002_LanguageLearning@1a942c18]" started-at="2024-02-28T17:49:42 IST" name="languageVerification" finished-at="2024-02-28T17:49:49 IST" duration-ms="6731" status="PASS">
          <reporter-output>
          </reporter-output>
        </test-method> <!-- languageVerification -->
        <test-method signature="closeVerification()[pri:3, instance:testCases.TC002_LanguageLearning@1a942c18]" started-at="2024-02-28T17:49:50 IST" name="closeVerification" finished-at="2024-02-28T17:49:50 IST" duration-ms="336" status="PASS">
          <reporter-output>
          </reporter-output>
        </test-method> <!-- closeVerification -->
        <test-method signature="levelCountVerification()[pri:4, instance:testCases.TC002_LanguageLearning@1a942c18]" started-at="2024-02-28T17:49:51 IST" name="levelCountVerification" finished-at="2024-02-28T17:49:51 IST" duration-ms="688" status="PASS">
          <reporter-output>
          </reporter-output>
        </test-method> <!-- levelCountVerification -->
        <test-method signature="courseraClickVerification()[pri:5, instance:testCases.TC002_LanguageLearning@1a942c18]" started-at="2024-02-28T17:49:52 IST" name="courseraClickVerification" finished-at="2024-02-28T17:50:03 IST" duration-ms="10907" status="PASS">
          <reporter-output>
          </reporter-output>
        </test-method> <!-- courseraClickVerification -->
        <test-method signature="forEnterpriseVerification()[pri:6, instance:testCases.TC002_LanguageLearning@1a942c18]" started-at="2024-02-28T17:50:04 IST" name="forEnterpriseVerification" finished-at="2024-02-28T17:50:24 IST" duration-ms="19928" status="PASS">
          <reporter-output>
          </reporter-output>
        </test-method> <!-- forEnterpriseVerification -->
      </class> <!-- testCases.TC002_LanguageLearning -->
      <class name="testCases.TC001_HomePage">
        <test-method is-config="true" signature="setUp(java.lang.String,java.lang.String)[pri:0, instance:testCases.TC001_HomePage@45099dd3]" started-at="2024-02-28T17:46:18 IST" name="setUp" finished-at="2024-02-28T17:48:21 IST" duration-ms="123239" status="PASS">
          <params>
            <param index="0">
              <value>
                <![CDATA[windows]]>
              </value>
            </param>
            <param index="1">
              <value>
                <![CDATA[chrome]]>
              </value>
            </param>
          </params>
          <reporter-output>
          </reporter-output>
        </test-method> <!-- setUp -->
        <test-method signature="courseraHomePageVerification()[pri:1, instance:testCases.TC001_HomePage@45099dd3]" started-at="2024-02-28T17:48:21 IST" name="courseraHomePageVerification" finished-at="2024-02-28T17:48:42 IST" duration-ms="20736" status="PASS">
          <reporter-output>
          </reporter-output>
        </test-method> <!-- courseraHomePageVerification -->
        <test-method signature="webDevelopmentPageVerification()[pri:2, instance:testCases.TC001_HomePage@45099dd3]" started-at="2024-02-28T17:48:46 IST" name="webDevelopmentPageVerification" finished-at="2024-02-28T17:48:48 IST" duration-ms="2167" status="PASS">
          <reporter-output>
          </reporter-output>
        </test-method> <!-- webDevelopmentPageVerification -->
        <test-method signature="scrollingUpVerification()[pri:3, instance:testCases.TC001_HomePage@45099dd3]" started-at="2024-02-28T17:48:49 IST" name="scrollingUpVerification" finished-at="2024-02-28T17:48:49 IST" duration-ms="360" status="PASS">
          <reporter-output>
          </reporter-output>
        </test-method> <!-- scrollingUpVerification -->
        <test-method signature="coursesVerification()[pri:4, instance:testCases.TC001_HomePage@45099dd3]" started-at="2024-02-28T17:48:50 IST" name="coursesVerification" finished-at="2024-02-28T17:49:32 IST" duration-ms="42690" status="PASS">
          <reporter-output>
          </reporter-output>
        </test-method> <!-- coursesVerification -->
        <test-method signature="searchBox2Verification()[pri:5, instance:testCases.TC001_HomePage@45099dd3]" started-at="2024-02-28T17:49:34 IST" name="searchBox2Verification" finished-at="2024-02-28T17:49:38 IST" duration-ms="4415" status="PASS">
          <reporter-output>
          </reporter-output>
        </test-method> <!-- searchBox2Verification -->
        <test-method is-config="true" signature="tearDown()[pri:0, instance:testCases.TC001_HomePage@45099dd3]" started-at="2024-02-28T17:51:29 IST" name="tearDown" finished-at="2024-02-28T17:52:43 IST" duration-ms="73917" status="PASS">
          <reporter-output>
          </reporter-output>
        </test-method> <!-- tearDown -->
      </class> <!-- testCases.TC001_HomePage -->
    </test> <!-- Test -->
  </suite> <!-- Suite -->
</testng-results>
